[LOG] System::create                           : Header version = 1.10.06. Current version = 1.10.06.
[LOG] SystemI::setOutputInternal               : Setting output to 'FMOD WASAPI Output'
[LOG] Manager::init                            : maxchannels = 1024 studioflags = 00000009 flags 00000000 extradriverdata 0000000000000000.
[LOG] SystemI::init                            : Initialize version=11006 (95384), maxchannels=1024, flags=0x00030000
[LOG] OutputWASAPI::init                       : Mix Format (WAVEFORMATEX): wFormatTag=0xFFFE, nChannels=2, nSamplesPerSec=48000, nAvgBytesPerSec=384000, nBlockAlign=8, wBitsPerSample=32, cbSize=22.
[LOG] OutputWASAPI::init                       : Mix Format (WAVEFORMATEXTENSIBLE): wValidBitsPerSample=32, dwChannelMask=0x00000003, SubFormat=00000003-0000-0010-8000-00AA00389B71.
[LOG] OutputWASAPI::init                       : Output buffer size: 4096 samples, latency: 10.67ms, period: 10.00ms, DSP buffer: 1024 * 4
[LOG] Thread::initThread                       : Init FMOD stream thread. Priority: 2, Stack Size: 65536, Semaphore: No, Sleep Time: 10, Looping: Yes.
[LOG] SystemI::DSPCodecPoolRegister            : register codec pool for pool type 5
[LOG] Thread::initThread                       : Init FMOD mixer thread. Priority: 3, Stack Size: 49152, Semaphore: No, Sleep Time: 0, Looping: Yes.
[LOG] AsyncManager::init                       : manager 000000005A809EE8 isAsync 1 updatePeriod 0.02
[LOG] Thread::initThread                       : Init FMOD Studio update thread. Priority: 0, Stack Size: 65536, Semaphore: No, Sleep Time: 1, Looping: No.
[LOG] AsyncManager::init                       : done
[LOG] PlaybackSystem::init                     : 
[LOG] Thread::initThread                       : Init FMOD Studio sample load thread. Priority: 0, Stack Size: 65536, Semaphore: No, Sleep Time: 1, Looping: No.
[LOG] PlaybackSystem::init                     : done
[LOG] LiveUpdate::init                         : 
[LOG] Thread::initThread                       : Init FMOD Studio bank load thread. Priority: 0, Stack Size: 65536, Semaphore: No, Sleep Time: 1, Looping: No.
[LOG] Manager::init                            : done.
[LOG] Profile::init                            : Profiler listening on port: 9264
[LOG] Manager::readBank                        : fileversion = 99, compatVersion = 99 (oldest = 44, newest = 100)
[LOG] Manager::readBank                        : fileversion = 99, compatVersion = 99 (oldest = 44, newest = 100)
[LOG] PlaybackSystem::acquireMasterBus         : Setting master channel group format to 3
[LOG] Manager::readBank                        : fileversion = 99, compatVersion = 99 (oldest = 44, newest = 100)
[LOG] Manager::readBank                        : fileversion = 99, compatVersion = 99 (oldest = 44, newest = 100)
[ERR] assert                                   : assertion: 'listener >= 0 && listener < numlisteners' failed
[ERR] assert                                   : assertion: 'listener >= 0 && listener < numlisteners' failed
[LOG] SystemI::createSound                     : filename = D:\MusicRushFmodRepo\MusicRushFMod\Build\Mobile/Soundtrack.bank : mode 02010082
[LOG] SystemI::createSound                     : FMOD_NONBLOCKING specified.  Putting into queue to be opened asynchronously!
[LOG] Thread::initThread                       : Init FMOD nonblocking thread (0). Priority: 1, Stack Size: 81920, Semaphore: Yes, Sleep Time: 0, Looping: Yes.
[LOG] SystemI::createSound                     : setdata soundi = 000000004A5A99B8 : node = 000000004A404020
[LOG] SystemI::createSound                     : add node to async list : head = 000000000F1488E8.  list count = 0
[LOG] AsyncThread::threadFunc                  : Starting Asynchronous operation on sound 000000004A5A99B8
[LOG] SystemI::createSoundInternal             :     Create name='D:\MusicRushFmodRepo\MusicRushFMod\Build\Mobile/Soundtrack.bank', mode=0x02010082
[LOG] SystemI::createSoundInternal             :     exinfo->cbsize             = 232
[LOG] SystemI::createSoundInternal             :     exinfo->length             = 14828416
[LOG] SystemI::createSoundInternal             :     exinfo->fileoffset         = 37280
[LOG] SystemI::createSoundInternal             :     exinfo->numsubsounds       = 1
[LOG] SystemI::createSoundInternal             :     exinfo->inclusionlist      = 000000004A404138
[LOG] SystemI::createSoundInternal             :     exinfo->inclusionlistnum   = 1
[LOG] SystemI::createSoundInternal             :     exinfo->suggestedsoundtype = 5
[LOG] SystemI::createSoundInternal             :     exinfo->initialseekpostype = 1
[LOG] SystemI::createSoundInternal             :     Stream 0/1: name='Daft_Loop_1', format=2, channels=2, frequency=24000, lengthbytes=292320, lengthpcm=368640, pcmblocksize=0, loopstart=0, loopend=0, mode=0x00000000, channelmask=0x00000000, channelorder=0, peakvolume=0.999969.
[LOG] Thread::initThread                       :     Init FMOD file thread. Priority: 1, Stack Size: 16384, Semaphore: No, Sleep Time: 10, Looping: Yes.
[LOG] AsyncThread::threadFunc                  : Finished Asynchronous operation on sound 000000004A5A99B8
[LOG] SoundI::getSubSound                      : sound 000000004A5A99B8.  Subsound index 0 / 1
[LOG] SystemI::createSoundInternal             : Create name='', mode=0x02000202
[LOG] SystemI::createSoundInternal             : exinfo->cbsize             = 232
[LOG] SystemI::createSoundInternal             : exinfo->length             = 134816
[LOG] SystemI::createSoundInternal             : exinfo->fileoffset         = 16480
[LOG] SystemI::createSoundInternal             : exinfo->numsubsounds       = 1
[LOG] SystemI::createSoundInternal             : exinfo->inclusionlist      = 000000006BFAF5FC
[LOG] SystemI::createSoundInternal             : exinfo->inclusionlistnum   = 1
[LOG] SystemI::createSoundInternal             : exinfo->suggestedsoundtype = 5
[LOG] SystemI::createSoundInternal             : exinfo->useropen           = 000007FED9A0E4B0
[LOG] SystemI::createSoundInternal             : exinfo->userclose          = 000007FED9A0E480
[LOG] SystemI::createSoundInternal             : exinfo->userread           = 000007FED9A0E580
[LOG] SystemI::createSoundInternal             : exinfo->userseek           = 000007FED9A0E640
[LOG] SystemI::createSoundInternal             : exinfo->fileuserdata       = 000000006AE12188
[LOG] SystemI::createSoundInternal             : exinfo->initialseekpostype = 1
[LOG] SystemI::DSPCodecPoolRegister            : register codec pool for pool type 5
[LOG] SystemI::createSoundInternal             : Sample 0/1: name='Jump1', format=2, channels=2, frequency=24000, lengthbytes=3872, lengthpcm=5253, pcmblocksize=0, loopstart=0, loopend=0, mode=0x00000000, channelmask=0x00000000, channelorder=0, peakvolume=0.285675.
[LOG] SystemI::createSoundInternal             : Create name='', mode=0x02000202
[LOG] SystemI::createSoundInternal             : exinfo->cbsize             = 232
[LOG] SystemI::createSoundInternal             : exinfo->length             = 134816
[LOG] SystemI::createSoundInternal             : exinfo->fileoffset         = 16480
[LOG] SystemI::createSoundInternal             : exinfo->numsubsounds       = 1
[LOG] SystemI::createSoundInternal             : exinfo->inclusionlist      = 000000006BFAF5FC
[LOG] SystemI::createSoundInternal             : exinfo->inclusionlistnum   = 1
[LOG] SystemI::createSoundInternal             : exinfo->suggestedsoundtype = 5
[LOG] SystemI::createSoundInternal             : exinfo->useropen           = 000007FED9A0E4B0
[LOG] SystemI::createSoundInternal             : exinfo->userclose          = 000007FED9A0E480
[LOG] SystemI::createSoundInternal             : exinfo->userread           = 000007FED9A0E580
[LOG] SystemI::createSoundInternal             : exinfo->userseek           = 000007FED9A0E640
[LOG] SystemI::createSoundInternal             : exinfo->fileuserdata       = 000000006AE12188
[LOG] SystemI::createSoundInternal             : exinfo->initialseekpostype = 1
[LOG] SystemI::DSPCodecPoolRegister            : register codec pool for pool type 5
[LOG] SystemI::createSoundInternal             : Sample 0/1: name='sfx_collect_coin', format=2, channels=1, frequency=24000, lengthbytes=1408, lengthpcm=3452, pcmblocksize=0, loopstart=0, loopend=0, mode=0x00000000, channelmask=0x00000000, channelorder=0, peakvolume=0.501160.
[LOG] SystemI::createSound                     : filename = D:\MusicRushFmodRepo\MusicRushFMod\Build\Mobile/Soundtrack.bank : mode 02010082
[LOG] SystemI::createSound                     : FMOD_NONBLOCKING specified.  Putting into queue to be opened asynchronously!
[LOG] SystemI::createSound                     : setdata soundi = 000000004A3C3638 : node = 000000004A403C30
[LOG] SystemI::createSound                     : add node to async list : head = 000000000F1488E8.  list count = 0
[LOG] AsyncThread::threadFunc                  : Starting Asynchronous operation on sound 000000004A3C3638
[LOG] SystemI::createSoundInternal             :     Create name='D:\MusicRushFmodRepo\MusicRushFMod\Build\Mobile/Soundtrack.bank', mode=0x02010082
[LOG] SystemI::createSoundInternal             :     exinfo->cbsize             = 232
[LOG] SystemI::createSoundInternal             :     exinfo->length             = 14828416
[LOG] SystemI::createSoundInternal             :     exinfo->fileoffset         = 37280
[LOG] SystemI::createSoundInternal             :     exinfo->numsubsounds       = 1
[LOG] SystemI::createSoundInternal             :     exinfo->inclusionlist      = 000000004A403D48
[LOG] SystemI::createSoundInternal             :     exinfo->inclusionlistnum   = 1
[LOG] SystemI::createSoundInternal             :     exinfo->suggestedsoundtype = 5
[LOG] SystemI::createSoundInternal             :     exinfo->initialseekposition = 11477
[LOG] SystemI::createSoundInternal             :     exinfo->initialseekpostype = 1
[LOG] SystemI::createSoundInternal             :     Stream 0/1: name='Daft_Loop_2', format=2, channels=2, frequency=24000, lengthbytes=318592, lengthpcm=368640, pcmblocksize=0, loopstart=0, loopend=0, mode=0x00000000, channelmask=0x00000000, channelorder=0, peakvolume=0.999969.
[LOG] AsyncThread::threadFunc                  : Finished Asynchronous operation on sound 000000004A3C3638
[LOG] SoundI::getSubSound                      : sound 000000004A3C3638.  Subsound index 0 / 1
[LOG] SoundI::release                          : Daft_Loop_1 (000000004A5A99B8)
[LOG] SoundI::release                          :     Daft_Loop_1 (000000004A5A89B8)
[LOG] SoundI::release                          :     Daft_Loop_1 (000000004A3432E8)
[LOG] SystemI::createSoundInternal             : Create name='', mode=0x02000202
[LOG] SystemI::createSoundInternal             : exinfo->cbsize             = 232
[LOG] SystemI::createSoundInternal             : exinfo->length             = 134816
[LOG] SystemI::createSoundInternal             : exinfo->fileoffset         = 16480
[LOG] SystemI::createSoundInternal             : exinfo->numsubsounds       = 1
[LOG] SystemI::createSoundInternal             : exinfo->inclusionlist      = 000000006BFAF5FC
[LOG] SystemI::createSoundInternal             : exinfo->inclusionlistnum   = 1
[LOG] SystemI::createSoundInternal             : exinfo->suggestedsoundtype = 5
[LOG] SystemI::createSoundInternal             : exinfo->useropen           = 000007FED9A0E4B0
[LOG] SystemI::createSoundInternal             : exinfo->userclose          = 000007FED9A0E480
[LOG] SystemI::createSoundInternal             : exinfo->userread           = 000007FED9A0E580
[LOG] SystemI::createSoundInternal             : exinfo->userseek           = 000007FED9A0E640
[LOG] SystemI::createSoundInternal             : exinfo->fileuserdata       = 000000006AE12188
[LOG] SystemI::createSoundInternal             : exinfo->initialseekpostype = 1
[LOG] SystemI::DSPCodecPoolRegister            : register codec pool for pool type 5
[LOG] SystemI::createSoundInternal             : Sample 0/1: name='atari_boom5', format=2, channels=1, frequency=24000, lengthbytes=15840, lengthpcm=32966, pcmblocksize=0, loopstart=0, loopend=0, mode=0x00000000, channelmask=0x00000000, channelorder=0, peakvolume=0.667053.
[LOG] SystemI::createSound                     : filename = D:\MusicRushFmodRepo\MusicRushFMod\Build\Mobile/Soundtrack.bank : mode 02010082
[LOG] SystemI::createSound                     : FMOD_NONBLOCKING specified.  Putting into queue to be opened asynchronously!
[LOG] SystemI::createSound                     : setdata soundi = 000000004A3C37E8 : node = 000000004A404020
[LOG] SystemI::createSound                     : add node to async list : head = 000000000F1488E8.  list count = 0
[LOG] AsyncThread::threadFunc                  : Starting Asynchronous operation on sound 000000004A3C37E8
[LOG] SystemI::createSoundInternal             :     Create name='D:\MusicRushFmodRepo\MusicRushFMod\Build\Mobile/Soundtrack.bank', mode=0x02010082
[LOG] SystemI::createSoundInternal             :     exinfo->cbsize             = 232
[LOG] SystemI::createSoundInternal             :     exinfo->length             = 14828416
[LOG] SystemI::createSoundInternal             :     exinfo->fileoffset         = 37280
[LOG] SystemI::createSoundInternal             :     exinfo->numsubsounds       = 1
[LOG] SystemI::createSoundInternal             :     exinfo->inclusionlist      = 000000004A404138
[LOG] SystemI::createSoundInternal             :     exinfo->inclusionlistnum   = 1
[LOG] SystemI::createSoundInternal             :     exinfo->suggestedsoundtype = 5
[LOG] SystemI::createSoundInternal             :     exinfo->initialseekpostype = 1
[LOG] SystemI::createSoundInternal             :     Stream 0/1: name='Daft_Loop_2', format=2, channels=2, frequency=24000, lengthbytes=318592, lengthpcm=368640, pcmblocksize=0, loopstart=0, loopend=0, mode=0x00000000, channelmask=0x00000000, channelorder=0, peakvolume=0.999969.
[LOG] AsyncThread::threadFunc                  : Finished Asynchronous operation on sound 000000004A3C37E8
[LOG] SoundI::getSubSound                      : sound 000000004A3C37E8.  Subsound index 0 / 1
[LOG] SystemI::createSoundInternal             : Create name='', mode=0x02000202
[LOG] SystemI::createSoundInternal             : exinfo->cbsize             = 232
[LOG] SystemI::createSoundInternal             : exinfo->length             = 134816
[LOG] SystemI::createSoundInternal             : exinfo->fileoffset         = 16480
[LOG] SystemI::createSoundInternal             : exinfo->numsubsounds       = 1
[LOG] SystemI::createSoundInternal             : exinfo->inclusionlist      = 000000006BFAF5FC
[LOG] SystemI::createSoundInternal             : exinfo->inclusionlistnum   = 1
[LOG] SystemI::createSoundInternal             : exinfo->suggestedsoundtype = 5
[LOG] SystemI::createSoundInternal             : exinfo->useropen           = 000007FED9A0E4B0
[LOG] SystemI::createSoundInternal             : exinfo->userclose          = 000007FED9A0E480
[LOG] SystemI::createSoundInternal             : exinfo->userread           = 000007FED9A0E580
[LOG] SystemI::createSoundInternal             : exinfo->userseek           = 000007FED9A0E640
[LOG] SystemI::createSoundInternal             : exinfo->fileuserdata       = 000000006AE12188
[LOG] SystemI::createSoundInternal             : exinfo->initialseekpostype = 1
[LOG] SystemI::DSPCodecPoolRegister            : register codec pool for pool type 5
[LOG] SystemI::createSoundInternal             : Sample 0/1: name='ui-new_highscore', format=2, channels=2, frequency=24000, lengthbytes=57632, lengthpcm=85264, pcmblocksize=0, loopstart=0, loopend=0, mode=0x00000000, channelmask=0x00000000, channelorder=0, peakvolume=0.963013.
[LOG] SoundI::release                          : Daft_Loop_2 (000000004A3C3638)
[LOG] SoundI::release                          :     Daft_Loop_2 (000000004A5A9378)
[LOG] SoundI::release                          :     Daft_Loop_2 (000000004A650CD8)
[LOG] SystemI::createSound                     : filename = D:\MusicRushFmodRepo\MusicRushFMod\Build\Mobile/Soundtrack.bank : mode 02010082
[LOG] SystemI::createSound                     : FMOD_NONBLOCKING specified.  Putting into queue to be opened asynchronously!
[LOG] SystemI::createSound                     : setdata soundi = 000000004A3C3638 : node = 000000004A403C30
[LOG] SystemI::createSound                     : add node to async list : head = 000000000F1488E8.  list count = 0
[LOG] AsyncThread::threadFunc                  : Starting Asynchronous operation on sound 000000004A3C3638
[LOG] SystemI::createSoundInternal             :     Create name='D:\MusicRushFmodRepo\MusicRushFMod\Build\Mobile/Soundtrack.bank', mode=0x02010082
[LOG] SystemI::createSoundInternal             :     exinfo->cbsize             = 232
[LOG] SystemI::createSoundInternal             :     exinfo->length             = 14828416
[LOG] SystemI::createSoundInternal             :     exinfo->fileoffset         = 37280
[LOG] SystemI::createSoundInternal             :     exinfo->numsubsounds       = 1
[LOG] SystemI::createSoundInternal             :     exinfo->inclusionlist      = 000000004A403D48
[LOG] SystemI::createSoundInternal             :     exinfo->inclusionlistnum   = 1
[LOG] SystemI::createSoundInternal             :     exinfo->suggestedsoundtype = 5
[LOG] SystemI::createSoundInternal             :     exinfo->initialseekpostype = 1
[LOG] SystemI::createSoundInternal             :     Stream 0/1: name='Daft_Loop_2', format=2, channels=2, frequency=24000, lengthbytes=318592, lengthpcm=368640, pcmblocksize=0, loopstart=0, loopend=0, mode=0x00000000, channelmask=0x00000000, channelorder=0, peakvolume=0.999969.
[LOG] AsyncThread::threadFunc                  : Finished Asynchronous operation on sound 000000004A3C3638
[LOG] SoundI::getSubSound                      : sound 000000004A3C3638.  Subsound index 0 / 1
[LOG] SoundI::release                          : Daft_Loop_2 (000000004A3C37E8)
[LOG] SoundI::release                          :     Daft_Loop_2 (000000004A5A8B58)
[LOG] SoundI::release                          :     Daft_Loop_2 (000000004A650B28)
[LOG] SystemI::createSoundInternal             : Create name='', mode=0x02000202
[LOG] SystemI::createSoundInternal             : exinfo->cbsize             = 232
[LOG] SystemI::createSoundInternal             : exinfo->length             = 14828416
[LOG] SystemI::createSoundInternal             : exinfo->fileoffset         = 37280
[LOG] SystemI::createSoundInternal             : exinfo->numsubsounds       = 1
[LOG] SystemI::createSoundInternal             : exinfo->inclusionlist      = 000000006BFAF5FC
[LOG] SystemI::createSoundInternal             : exinfo->inclusionlistnum   = 1
[LOG] SystemI::createSoundInternal             : exinfo->suggestedsoundtype = 5
[LOG] SystemI::createSoundInternal             : exinfo->useropen           = 000007FED9A0E4B0
[LOG] SystemI::createSoundInternal             : exinfo->userclose          = 000007FED9A0E480
[LOG] SystemI::createSoundInternal             : exinfo->userread           = 000007FED9A0E580
[LOG] SystemI::createSoundInternal             : exinfo->userseek           = 000007FED9A0E640
[LOG] SystemI::createSoundInternal             : exinfo->fileuserdata       = 000000006AE12188
[LOG] SystemI::createSoundInternal             : exinfo->initialseekpostype = 1
[LOG] SystemI::DSPCodecPoolRegister            : register codec pool for pool type 5
[LOG] SystemI::createSoundInternal             : Sample 0/1: name='PopLayer_4', format=2, channels=2, frequency=24000, lengthbytes=166848, lengthpcm=184320, pcmblocksize=0, loopstart=0, loopend=0, mode=0x00000000, channelmask=0x00000000, channelorder=0, peakvolume=0.999969.
[LOG] SystemI::createSoundInternal             : Create name='', mode=0x02000202
[LOG] SystemI::createSoundInternal             : exinfo->cbsize             = 232
[LOG] SystemI::createSoundInternal             : exinfo->length             = 14828416
[LOG] SystemI::createSoundInternal             : exinfo->fileoffset         = 37280
[LOG] SystemI::createSoundInternal             : exinfo->numsubsounds       = 1
[LOG] SystemI::createSoundInternal             : exinfo->inclusionlist      = 000000006BFAF5FC
[LOG] SystemI::createSoundInternal             : exinfo->inclusionlistnum   = 1
[LOG] SystemI::createSoundInternal             : exinfo->suggestedsoundtype = 5
[LOG] SystemI::createSoundInternal             : exinfo->useropen           = 000007FED9A0E4B0
[LOG] SystemI::createSoundInternal             : exinfo->userclose          = 000007FED9A0E480
[LOG] SystemI::createSoundInternal             : exinfo->userread           = 000007FED9A0E580
[LOG] SystemI::createSoundInternal             : exinfo->userseek           = 000007FED9A0E640
[LOG] SystemI::createSoundInternal             : exinfo->fileuserdata       = 000000006AE12188
[LOG] SystemI::createSoundInternal             : exinfo->initialseekpostype = 1
[LOG] SystemI::DSPCodecPoolRegister            : register codec pool for pool type 5
[LOG] SystemI::createSoundInternal             : Sample 0/1: name='Samba_LAYER_04_v04', format=2, channels=2, frequency=24000, lengthbytes=225280, lengthpcm=219428, pcmblocksize=0, loopstart=0, loopend=0, mode=0x00000000, channelmask=0x00000000, channelorder=0, peakvolume=0.999054.
[LOG] SoundI::release                          : Daft_Loop_2 (000000004A3C3638)
[LOG] SoundI::release                          :     Daft_Loop_2 (000000004A5A9378)
[LOG] SoundI::release                          :     Daft_Loop_2 (000000004A650CD8)
[LOG] SystemI::createSoundInternal             : Create name='', mode=0x02000202
[LOG] SystemI::createSoundInternal             : exinfo->cbsize             = 232
[LOG] SystemI::createSoundInternal             : exinfo->length             = 14828416
[LOG] SystemI::createSoundInternal             : exinfo->fileoffset         = 37280
[LOG] SystemI::createSoundInternal             : exinfo->numsubsounds       = 1
[LOG] SystemI::createSoundInternal             : exinfo->inclusionlist      = 000000006BFAF5FC
[LOG] SystemI::createSoundInternal             : exinfo->inclusionlistnum   = 1
[LOG] SystemI::createSoundInternal             : exinfo->suggestedsoundtype = 5
[LOG] SystemI::createSoundInternal             : exinfo->useropen           = 000007FED9A0E4B0
[LOG] SystemI::createSoundInternal             : exinfo->userclose          = 000007FED9A0E480
[LOG] SystemI::createSoundInternal             : exinfo->userread           = 000007FED9A0E580
[LOG] SystemI::createSoundInternal             : exinfo->userseek           = 000007FED9A0E640
[LOG] SystemI::createSoundInternal             : exinfo->fileuserdata       = 000000006AE12188
[LOG] SystemI::createSoundInternal             : exinfo->initialseekpostype = 1
[LOG] SystemI::DSPCodecPoolRegister            : register codec pool for pool type 5
[LOG] SystemI::createSoundInternal             : Sample 0/1: name='Reggae_4', format=2, channels=2, frequency=24000, lengthbytes=165824, lengthpcm=184320, pcmblocksize=0, loopstart=0, loopend=0, mode=0x00000000, channelmask=0x00000000, channelorder=0, peakvolume=0.999969.
[WRN] EventInstance::update                    : Event {534934f1-f642-4d0e-83e7-9c7b438c9e69} waited 1391 milliseconds for sample data to load.  Preload sample data to avoid this delay.
[LOG] SystemI::createSound                     : filename = D:\MusicRushFmodRepo\MusicRushFMod\Build\Mobile/Soundtrack.bank : mode 02010082
[LOG] SystemI::createSound                     : FMOD_NONBLOCKING specified.  Putting into queue to be opened asynchronously!
[LOG] SystemI::createSound                     : setdata soundi = 000000004A3C3638 : node = 000000004A403C30
[LOG] SystemI::createSound                     : add node to async list : head = 000000000F1488E8.  list count = 0
[LOG] AsyncThread::threadFunc                  : Starting Asynchronous operation on sound 000000004A3C3638
[LOG] SystemI::createSoundInternal             :     Create name='D:\MusicRushFmodRepo\MusicRushFMod\Build\Mobile/Soundtrack.bank', mode=0x02010082
[LOG] SystemI::createSoundInternal             :     exinfo->cbsize             = 232
[LOG] SystemI::createSoundInternal             :     exinfo->length             = 14828416
[LOG] SystemI::createSoundInternal             :     exinfo->fileoffset         = 37280
[LOG] SystemI::createSoundInternal             :     exinfo->numsubsounds       = 1
[LOG] SystemI::createSoundInternal             :     exinfo->inclusionlist      = 000000004A403D48
[LOG] SystemI::createSoundInternal             :     exinfo->inclusionlistnum   = 1
[LOG] SystemI::createSoundInternal             :     exinfo->suggestedsoundtype = 5
[LOG] SystemI::createSoundInternal             :     exinfo->initialseekpostype = 1
[LOG] SystemI::createSoundInternal             :     Stream 0/1: name='Gaga_1111_Lay4', format=2, channels=2, frequency=24000, lengthbytes=323072, lengthpcm=368640, pcmblocksize=0, loopstart=0, loopend=0, mode=0x00000000, channelmask=0x00000000, channelorder=0, peakvolume=0.999969.
[LOG] AsyncThread::threadFunc                  : Finished Asynchronous operation on sound 000000004A3C3638
[LOG] SoundI::getSubSound                      : sound 000000004A3C3638.  Subsound index 0 / 1
[LOG] SystemI::createSound                     : filename = D:\MusicRushFmodRepo\MusicRushFMod\Build\Mobile/Soundtrack.bank : mode 02010082
[LOG] SystemI::createSound                     : FMOD_NONBLOCKING specified.  Putting into queue to be opened asynchronously!
[LOG] SystemI::createSound                     : setdata soundi = 000000004A3C37E8 : node = 000000004A404020
[LOG] SystemI::createSound                     : add node to async list : head = 000000000F1488E8.  list count = 0
[LOG] AsyncThread::threadFunc                  : Starting Asynchronous operation on sound 000000004A3C37E8
[LOG] SystemI::createSoundInternal             :     Create name='D:\MusicRushFmodRepo\MusicRushFMod\Build\Mobile/Soundtrack.bank', mode=0x02010082
[LOG] SystemI::createSoundInternal             :     exinfo->cbsize             = 232
[LOG] SystemI::createSoundInternal             :     exinfo->length             = 14828416
[LOG] SystemI::createSoundInternal             :     exinfo->fileoffset         = 37280
[LOG] SystemI::createSoundInternal             :     exinfo->numsubsounds       = 1
[LOG] SystemI::createSoundInternal             :     exinfo->inclusionlist      = 000000004A404138
[LOG] SystemI::createSoundInternal             :     exinfo->inclusionlistnum   = 1
[LOG] SystemI::createSoundInternal             :     exinfo->suggestedsoundtype = 5
[LOG] SystemI::createSoundInternal             :     exinfo->initialseekpostype = 1
[LOG] SystemI::createSoundInternal             :     Stream 0/1: name='Gaga_1111_Lay1_1', format=2, channels=2, frequency=24000, lengthbytes=307264, lengthpcm=368640, pcmblocksize=0, loopstart=0, loopend=0, mode=0x00000000, channelmask=0x00000000, channelorder=0, peakvolume=0.999969.
[LOG] AsyncThread::threadFunc                  : Finished Asynchronous operation on sound 000000004A3C37E8
[LOG] SoundI::getSubSound                      : sound 000000004A3C37E8.  Subsound index 0 / 1
[LOG] SoundI::release                          :  (000000000F1F91A8)
[LOG] SoundI::release                          :     Jump1 (000000004A5A9518)
[LOG] SoundI::release                          :  (000000000F1F8A78)
[LOG] SoundI::release                          :     sfx_collect_coin (000000004A5A9038)
[LOG] SoundI::release                          :  (000000000F1F9E98)
[LOG] SoundI::release                          :     atari_boom5 (000000004A5A89B8)
[LOG] SoundI::release                          :  (000000000F1F8BE8)
[LOG] SoundI::release                          :     ui-new_highscore (000000004A5A91D8)
[LOG] SoundI::release                          :  (000000000F1F8EC8)
[LOG] SoundI::release                          :     PopLayer_4 (000000004A5A8B58)
[LOG] SoundI::release                          : Gaga_1111_Lay4 (000000004A3C3638)
[LOG] SoundI::release                          :     Gaga_1111_Lay4 (000000004A5A96B8)
[LOG] SoundI::release                          :     Gaga_1111_Lay4 (000000004A650CD8)
[LOG] SystemI::createSoundInternal             : Create name='', mode=0x02000202
[LOG] SystemI::createSoundInternal             : exinfo->cbsize             = 232
[LOG] SystemI::createSoundInternal             : exinfo->length             = 134816
[LOG] SystemI::createSoundInternal             : exinfo->fileoffset         = 16480
[LOG] SystemI::createSoundInternal             : exinfo->numsubsounds       = 1
[LOG] SystemI::createSoundInternal             : exinfo->inclusionlist      = 000000006BFAF5FC
[LOG] SystemI::createSoundInternal             : exinfo->inclusionlistnum   = 1
[LOG] SystemI::createSoundInternal             : exinfo->suggestedsoundtype = 5
[LOG] SystemI::createSoundInternal             : exinfo->useropen           = 000007FED9A0E4B0
[LOG] SystemI::createSoundInternal             : exinfo->userclose          = 000007FED9A0E480
[LOG] SystemI::createSoundInternal             : exinfo->userread           = 000007FED9A0E580
[LOG] SystemI::createSoundInternal             : exinfo->userseek           = 000007FED9A0E640
[LOG] SystemI::createSoundInternal             : exinfo->fileuserdata       = 000000006AE12188
[LOG] SystemI::createSoundInternal             : exinfo->initialseekpostype = 1
[LOG] SystemI::DSPCodecPoolRegister            : register codec pool for pool type 5
[LOG] SystemI::createSoundInternal             : Sample 0/1: name='Jump1', format=2, channels=2, frequency=24000, lengthbytes=3872, lengthpcm=5253, pcmblocksize=0, loopstart=0, loopend=0, mode=0x00000000, channelmask=0x00000000, channelorder=0, peakvolume=0.285675.
[LOG] SoundI::release                          :  (000000000F1F9D28)
[LOG] SoundI::release                          :     Reggae_4 (000000004A5A9378)
[LOG] SystemI::createSoundInternal             : Create name='', mode=0x02000202
[LOG] SystemI::createSoundInternal             : exinfo->cbsize             = 232
[LOG] SystemI::createSoundInternal             : exinfo->length             = 134816
[LOG] SystemI::createSoundInternal             : exinfo->fileoffset         = 16480
[LOG] SystemI::createSoundInternal             : exinfo->numsubsounds       = 1
[LOG] SystemI::createSoundInternal             : exinfo->inclusionlist      = 000000006BFAF5FC
[LOG] SystemI::createSoundInternal             : exinfo->inclusionlistnum   = 1
[LOG] SystemI::createSoundInternal             : exinfo->suggestedsoundtype = 5
[LOG] SystemI::createSoundInternal             : exinfo->useropen           = 000007FED9A0E4B0
[LOG] SystemI::createSoundInternal             : exinfo->userclose          = 000007FED9A0E480
[LOG] SystemI::createSoundInternal             : exinfo->userread           = 000007FED9A0E580
[LOG] SystemI::createSoundInternal             : exinfo->userseek           = 000007FED9A0E640
[LOG] SystemI::createSoundInternal             : exinfo->fileuserdata       = 000000006AE12188
[LOG] SystemI::createSoundInternal             : exinfo->initialseekpostype = 1
[LOG] SystemI::DSPCodecPoolRegister            : register codec pool for pool type 5
[LOG] SystemI::createSoundInternal             : Sample 0/1: name='special_event', format=2, channels=2, frequency=24000, lengthbytes=13408, lengthpcm=20688, pcmblocksize=0, loopstart=0, loopend=0, mode=0x00000000, channelmask=0x00000000, channelorder=0, peakvolume=0.709717.
[LOG] SystemI::createSound                     : filename = D:\MusicRushFmodRepo\MusicRushFMod\Build\Mobile/Soundtrack.bank : mode 02010082
[LOG] SystemI::createSound                     : FMOD_NONBLOCKING specified.  Putting into queue to be opened asynchronously!
[LOG] SystemI::createSound                     : setdata soundi = 000000004A3C3638 : node = 000000004A403C30
[LOG] SystemI::createSound                     : add node to async list : head = 000000000F1488E8.  list count = 0
[LOG] AsyncThread::threadFunc                  : Starting Asynchronous operation on sound 000000004A3C3638
[LOG] SystemI::createSoundInternal             :     Create name='D:\MusicRushFmodRepo\MusicRushFMod\Build\Mobile/Soundtrack.bank', mode=0x02010082
[LOG] SystemI::createSoundInternal             :     exinfo->cbsize             = 232
[LOG] SystemI::createSoundInternal             :     exinfo->length             = 14828416
[LOG] SystemI::createSoundInternal             :     exinfo->fileoffset         = 37280
[LOG] SystemI::createSoundInternal             :     exinfo->numsubsounds       = 1
[LOG] SystemI::createSoundInternal             :     exinfo->inclusionlist      = 000000004A403D48
[LOG] SystemI::createSoundInternal             :     exinfo->inclusionlistnum   = 1
[LOG] SystemI::createSoundInternal             :     exinfo->suggestedsoundtype = 5
[LOG] SystemI::createSoundInternal             :     exinfo->initialseekposition = 10176
[LOG] SystemI::createSoundInternal             :     exinfo->initialseekpostype = 1
[LOG] SystemI::createSoundInternal             :     Stream 0/1: name='Gaga_1111_Lay2', format=2, channels=2, frequency=24000, lengthbytes=311008, lengthpcm=368640, pcmblocksize=0, loopstart=0, loopend=0, mode=0x00000000, channelmask=0x00000000, channelorder=0, peakvolume=0.999969.
[LOG] AsyncThread::threadFunc                  : Finished Asynchronous operation on sound 000000004A3C3638
[LOG] SoundI::getSubSound                      : sound 000000004A3C3638.  Subsound index 0 / 1
[LOG] SoundI::release                          : Gaga_1111_Lay1_1 (000000004A3C37E8)
[LOG] SoundI::release                          :     Gaga_1111_Lay1_1 (000000004A4153E8)
[LOG] SoundI::release                          :     Gaga_1111_Lay1_1 (000000004A650B28)
[LOG] SystemI::createSound                     : filename = D:\MusicRushFmodRepo\MusicRushFMod\Build\Mobile/Soundtrack.bank : mode 02010082
[LOG] SystemI::createSound                     : FMOD_NONBLOCKING specified.  Putting into queue to be opened asynchronously!
[LOG] SystemI::createSound                     : setdata soundi = 000000004A3C37E8 : node = 000000004A404020
[LOG] SystemI::createSound                     : add node to async list : head = 000000000F1488E8.  list count = 0
[LOG] AsyncThread::threadFunc                  : Starting Asynchronous operation on sound 000000004A3C37E8
[LOG] SystemI::createSoundInternal             :     Create name='D:\MusicRushFmodRepo\MusicRushFMod\Build\Mobile/Soundtrack.bank', mode=0x02010082
[LOG] SystemI::createSoundInternal             :     exinfo->cbsize             = 232
[LOG] SystemI::createSoundInternal             :     exinfo->length             = 14828416
[LOG] SystemI::createSoundInternal             :     exinfo->fileoffset         = 37280
[LOG] SystemI::createSoundInternal             :     exinfo->numsubsounds       = 1
[LOG] SystemI::createSoundInternal             :     exinfo->inclusionlist      = 000000004A404138
[LOG] SystemI::createSoundInternal             :     exinfo->inclusionlistnum   = 1
[LOG] SystemI::createSoundInternal             :     exinfo->suggestedsoundtype = 5
[LOG] SystemI::createSoundInternal             :     exinfo->initialseekpostype = 1
[LOG] SystemI::createSoundInternal             :     Stream 0/1: name='Gaga_1111_Lay2', format=2, channels=2, frequency=24000, lengthbytes=311008, lengthpcm=368640, pcmblocksize=0, loopstart=0, loopend=0, mode=0x00000000, channelmask=0x00000000, channelorder=0, peakvolume=0.999969.
[LOG] AsyncThread::threadFunc                  : Finished Asynchronous operation on sound 000000004A3C37E8
[LOG] SoundI::getSubSound                      : sound 000000004A3C37E8.  Subsound index 0 / 1
[LOG] SoundI::release                          : Gaga_1111_Lay2 (000000004A3C3638)
[LOG] SoundI::release                          :     Gaga_1111_Lay2 (000000004A5A8B58)
[LOG] SoundI::release                          :     Gaga_1111_Lay2 (000000004A650CD8)
[LOG] SystemI::createSoundInternal             : Create name='', mode=0x02000202
[LOG] SystemI::createSoundInternal             : exinfo->cbsize             = 232
[LOG] SystemI::createSoundInternal             : exinfo->length             = 134816
[LOG] SystemI::createSoundInternal             : exinfo->fileoffset         = 16480
[LOG] SystemI::createSoundInternal             : exinfo->numsubsounds       = 1
[LOG] SystemI::createSoundInternal             : exinfo->inclusionlist      = 000000006BFAF5FC
[LOG] SystemI::createSoundInternal             : exinfo->inclusionlistnum   = 1
[LOG] SystemI::createSoundInternal             : exinfo->suggestedsoundtype = 5
[LOG] SystemI::createSoundInternal             : exinfo->useropen           = 000007FED9A0E4B0
[LOG] SystemI::createSoundInternal             : exinfo->userclose          = 000007FED9A0E480
[LOG] SystemI::createSoundInternal             : exinfo->userread           = 000007FED9A0E580
[LOG] SystemI::createSoundInternal             : exinfo->userseek           = 000007FED9A0E640
[LOG] SystemI::createSoundInternal             : exinfo->fileuserdata       = 000000006AE12188
[LOG] SystemI::createSoundInternal             : exinfo->initialseekpostype = 1
[LOG] SystemI::DSPCodecPoolRegister            : register codec pool for pool type 5
[LOG] SystemI::createSoundInternal             : Sample 0/1: name='sfx_collect_coin', format=2, channels=1, frequency=24000, lengthbytes=1408, lengthpcm=3452, pcmblocksize=0, loopstart=0, loopend=0, mode=0x00000000, channelmask=0x00000000, channelorder=0, peakvolume=0.501160.
[LOG] SystemI::createSound                     : filename = D:\MusicRushFmodRepo\MusicRushFMod\Build\Mobile/Soundtrack.bank : mode 02010082
[LOG] SystemI::createSound                     : FMOD_NONBLOCKING specified.  Putting into queue to be opened asynchronously!
[LOG] SystemI::createSound                     : setdata soundi = 000000004A3C3638 : node = 000000004A403C30
[LOG] SystemI::createSound                     : add node to async list : head = 000000000F1488E8.  list count = 0
[LOG] AsyncThread::threadFunc                  : Starting Asynchronous operation on sound 000000004A3C3638
[LOG] SystemI::createSoundInternal             :     Create name='D:\MusicRushFmodRepo\MusicRushFMod\Build\Mobile/Soundtrack.bank', mode=0x02010082
[LOG] SystemI::createSoundInternal             :     exinfo->cbsize             = 232
[LOG] SystemI::createSoundInternal             :     exinfo->length             = 14828416
[LOG] SystemI::createSoundInternal             :     exinfo->fileoffset         = 37280
[LOG] SystemI::createSoundInternal             :     exinfo->numsubsounds       = 1
[LOG] SystemI::createSoundInternal             :     exinfo->inclusionlist      = 000000004A403D48
[LOG] SystemI::createSoundInternal             :     exinfo->inclusionlistnum   = 1
[LOG] SystemI::createSoundInternal             :     exinfo->suggestedsoundtype = 5
[LOG] SystemI::createSoundInternal             :     exinfo->initialseekposition = 4352
[LOG] SystemI::createSoundInternal             :     exinfo->initialseekpostype = 1
[LOG] SystemI::createSoundInternal             :     Stream 0/1: name='Gaga_1111_Lay3', format=2, channels=2, frequency=24000, lengthbytes=320480, lengthpcm=368640, pcmblocksize=0, loopstart=0, loopend=0, mode=0x00000000, channelmask=0x00000000, channelorder=0, peakvolume=0.999969.
[LOG] AsyncThread::threadFunc                  : Finished Asynchronous operation on sound 000000004A3C3638
[LOG] SoundI::getSubSound                      : sound 000000004A3C3638.  Subsound index 0 / 1
[LOG] SoundI::release                          : Gaga_1111_Lay2 (000000004A3C37E8)
[LOG] SoundI::release                          :     Gaga_1111_Lay2 (000000004A4153E8)
[LOG] SoundI::release                          :     Gaga_1111_Lay2 (000000004A650B28)
[LOG] SystemI::createSound                     : filename = D:\MusicRushFmodRepo\MusicRushFMod\Build\Mobile/Soundtrack.bank : mode 02010082
[LOG] SystemI::createSound                     : FMOD_NONBLOCKING specified.  Putting into queue to be opened asynchronously!
[LOG] SystemI::createSound                     : setdata soundi = 000000004A3C37E8 : node = 000000004A404020
[LOG] SystemI::createSound                     : add node to async list : head = 000000000F1488E8.  list count = 0
[LOG] AsyncThread::threadFunc                  : Starting Asynchronous operation on sound 000000004A3C37E8
[LOG] SystemI::createSoundInternal             :     Create name='D:\MusicRushFmodRepo\MusicRushFMod\Build\Mobile/Soundtrack.bank', mode=0x02010082
[LOG] SystemI::createSoundInternal             :     exinfo->cbsize             = 232
[LOG] SystemI::createSoundInternal             :     exinfo->length             = 14828416
[LOG] SystemI::createSoundInternal             :     exinfo->fileoffset         = 37280
[LOG] SystemI::createSoundInternal             :     exinfo->numsubsounds       = 1
[LOG] SystemI::createSoundInternal             :     exinfo->inclusionlist      = 000000004A404138
[LOG] SystemI::createSoundInternal             :     exinfo->inclusionlistnum   = 1
[LOG] SystemI::createSoundInternal             :     exinfo->suggestedsoundtype = 5
[LOG] SystemI::createSoundInternal             :     exinfo->initialseekpostype = 1
[LOG] SystemI::createSoundInternal             :     Stream 0/1: name='Gaga_1111_Lay3', format=2, channels=2, frequency=24000, lengthbytes=320480, lengthpcm=368640, pcmblocksize=0, loopstart=0, loopend=0, mode=0x00000000, channelmask=0x00000000, channelorder=0, peakvolume=0.999969.
[LOG] AsyncThread::threadFunc                  : Finished Asynchronous operation on sound 000000004A3C37E8
[LOG] SoundI::getSubSound                      : sound 000000004A3C37E8.  Subsound index 0 / 1
[LOG] SoundI::release                          : Gaga_1111_Lay3 (000000004A3C3638)
[LOG] SoundI::release                          :     Gaga_1111_Lay3 (000000004A5A91D8)
[LOG] SoundI::release                          :     Gaga_1111_Lay3 (000000004A650CD8)
[LOG] SystemI::createSound                     : filename = D:\MusicRushFmodRepo\MusicRushFMod\Build\Mobile/Soundtrack.bank : mode 02010082
[LOG] SystemI::createSound                     : FMOD_NONBLOCKING specified.  Putting into queue to be opened asynchronously!
[LOG] SystemI::createSound                     : setdata soundi = 000000004A3C3638 : node = 000000004A403C30
[LOG] SystemI::createSound                     : add node to async list : head = 000000000F1488E8.  list count = 0
[LOG] AsyncThread::threadFunc                  : Starting Asynchronous operation on sound 000000004A3C3638
[LOG] SystemI::createSoundInternal             :     Create name='D:\MusicRushFmodRepo\MusicRushFMod\Build\Mobile/Soundtrack.bank', mode=0x02010082
[LOG] SystemI::createSoundInternal             :     exinfo->cbsize             = 232
[LOG] SystemI::createSoundInternal             :     exinfo->length             = 14828416
[LOG] SystemI::createSoundInternal             :     exinfo->fileoffset         = 37280
[LOG] SystemI::createSoundInternal             :     exinfo->numsubsounds       = 1
[LOG] SystemI::createSoundInternal             :     exinfo->inclusionlist      = 000000004A403D48
[LOG] SystemI::createSoundInternal             :     exinfo->inclusionlistnum   = 1
[LOG] SystemI::createSoundInternal             :     exinfo->suggestedsoundtype = 5
[LOG] SystemI::createSoundInternal             :     exinfo->initialseekposition = 426
[LOG] SystemI::createSoundInternal             :     exinfo->initialseekpostype = 1
[LOG] SystemI::createSoundInternal             :     Stream 0/1: name='Gaga_1111_Lay4', format=2, channels=2, frequency=24000, lengthbytes=323072, lengthpcm=368640, pcmblocksize=0, loopstart=0, loopend=0, mode=0x00000000, channelmask=0x00000000, channelorder=0, peakvolume=0.999969.
[LOG] AsyncThread::threadFunc                  : Finished Asynchronous operation on sound 000000004A3C3638
[LOG] SoundI::getSubSound                      : sound 000000004A3C3638.  Subsound index 0 / 1
[LOG] SoundI::release                          : Gaga_1111_Lay3 (000000004A3C37E8)
[LOG] SoundI::release                          :     Gaga_1111_Lay3 (000000004A4153E8)
[LOG] SoundI::release                          :     Gaga_1111_Lay3 (000000004A650B28)
[LOG] SystemI::createSoundInternal             : Create name='', mode=0x02000202
[LOG] SystemI::createSoundInternal             : exinfo->cbsize             = 232
[LOG] SystemI::createSoundInternal             : exinfo->length             = 134816
[LOG] SystemI::createSoundInternal             : exinfo->fileoffset         = 16480
[LOG] SystemI::createSoundInternal             : exinfo->numsubsounds       = 1
[LOG] SystemI::createSoundInternal             : exinfo->inclusionlist      = 000000006BFAF5FC
[LOG] SystemI::createSoundInternal             : exinfo->inclusionlistnum   = 1
[LOG] SystemI::createSoundInternal             : exinfo->suggestedsoundtype = 5
[LOG] SystemI::createSoundInternal             : exinfo->useropen           = 000007FED9A0E4B0
[LOG] SystemI::createSoundInternal             : exinfo->userclose          = 000007FED9A0E480
[LOG] SystemI::createSoundInternal             : exinfo->userread           = 000007FED9A0E580
[LOG] SystemI::createSoundInternal             : exinfo->userseek           = 000007FED9A0E640
[LOG] SystemI::createSoundInternal             : exinfo->fileuserdata       = 000000006AE12188
[LOG] SystemI::createSoundInternal             : exinfo->initialseekpostype = 1
[LOG] SystemI::DSPCodecPoolRegister            : register codec pool for pool type 5
[LOG] SystemI::createSoundInternal             : Sample 0/1: name='atari_boom5', format=2, channels=1, frequency=24000, lengthbytes=15840, lengthpcm=32966, pcmblocksize=0, loopstart=0, loopend=0, mode=0x00000000, channelmask=0x00000000, channelorder=0, peakvolume=0.667053.
[LOG] SystemI::createSoundInternal             : Create name='', mode=0x02000202
[LOG] SystemI::createSoundInternal             : exinfo->cbsize             = 232
[LOG] SystemI::createSoundInternal             : exinfo->length             = 134816
[LOG] SystemI::createSoundInternal             : exinfo->fileoffset         = 16480
[LOG] SystemI::createSoundInternal             : exinfo->numsubsounds       = 1
[LOG] SystemI::createSoundInternal             : exinfo->inclusionlist      = 000000006BFAF5FC
[LOG] SystemI::createSoundInternal             : exinfo->inclusionlistnum   = 1
[LOG] SystemI::createSoundInternal             : exinfo->suggestedsoundtype = 5
[LOG] SystemI::createSoundInternal             : exinfo->useropen           = 000007FED9A0E4B0
[LOG] SystemI::createSoundInternal             : exinfo->userclose          = 000007FED9A0E480
[LOG] SystemI::createSoundInternal             : exinfo->userread           = 000007FED9A0E580
[LOG] SystemI::createSoundInternal             : exinfo->userseek           = 000007FED9A0E640
[LOG] SystemI::createSoundInternal             : exinfo->fileuserdata       = 000000006AE12188
[LOG] SystemI::createSoundInternal             : exinfo->initialseekpostype = 1
[LOG] SystemI::DSPCodecPoolRegister            : register codec pool for pool type 5
[LOG] SystemI::createSoundInternal             : Sample 0/1: name='ui-new_highscore', format=2, channels=2, frequency=24000, lengthbytes=57632, lengthpcm=85264, pcmblocksize=0, loopstart=0, loopend=0, mode=0x00000000, channelmask=0x00000000, channelorder=0, peakvolume=0.963013.
[LOG] SystemI::createSound                     : filename = D:\MusicRushFmodRepo\MusicRushFMod\Build\Mobile/Soundtrack.bank : mode 02010082
[LOG] SystemI::createSound                     : FMOD_NONBLOCKING specified.  Putting into queue to be opened asynchronously!
[LOG] SystemI::createSound                     : setdata soundi = 000000004A3C37E8 : node = 000000004A404020
[LOG] SystemI::createSound                     : add node to async list : head = 000000000F1488E8.  list count = 0
[LOG] AsyncThread::threadFunc                  : Starting Asynchronous operation on sound 000000004A3C37E8
[LOG] SystemI::createSoundInternal             :     Create name='D:\MusicRushFmodRepo\MusicRushFMod\Build\Mobile/Soundtrack.bank', mode=0x02010082
[LOG] SystemI::createSoundInternal             :     exinfo->cbsize             = 232
[LOG] SystemI::createSoundInternal             :     exinfo->length             = 14828416
[LOG] SystemI::createSoundInternal             :     exinfo->fileoffset         = 37280
[LOG] SystemI::createSoundInternal             :     exinfo->numsubsounds       = 1
[LOG] SystemI::createSoundInternal             :     exinfo->inclusionlist      = 000000004A404138
[LOG] SystemI::createSoundInternal             :     exinfo->inclusionlistnum   = 1
[LOG] SystemI::createSoundInternal             :     exinfo->suggestedsoundtype = 5
[LOG] SystemI::createSoundInternal             :     exinfo->initialseekpostype = 1
[LOG] SystemI::createSoundInternal             :     Stream 0/1: name='Gaga_1111_Lay4', format=2, channels=2, frequency=24000, lengthbytes=323072, lengthpcm=368640, pcmblocksize=0, loopstart=0, loopend=0, mode=0x00000000, channelmask=0x00000000, channelorder=0, peakvolume=0.999969.
[LOG] AsyncThread::threadFunc                  : Finished Asynchronous operation on sound 000000004A3C37E8
[LOG] SoundI::getSubSound                      : sound 000000004A3C37E8.  Subsound index 0 / 1
[LOG] SoundI::release                          : Gaga_1111_Lay4 (000000004A3C3638)
[LOG] SoundI::release                          :     Gaga_1111_Lay4 (000000004A5A91D8)
[LOG] SoundI::release                          :     Gaga_1111_Lay4 (000000004A650CD8)
[LOG] SystemI::createSound                     : filename = D:\MusicRushFmodRepo\MusicRushFMod\Build\Mobile/Soundtrack.bank : mode 02010082
[LOG] SystemI::createSound                     : FMOD_NONBLOCKING specified.  Putting into queue to be opened asynchronously!
[LOG] SystemI::createSound                     : setdata soundi = 000000004A3C3638 : node = 000000004A403C30
[LOG] SystemI::createSound                     : add node to async list : head = 000000000F1488E8.  list count = 0
[LOG] AsyncThread::threadFunc                  : Starting Asynchronous operation on sound 000000004A3C3638
[LOG] SystemI::createSoundInternal             :     Create name='D:\MusicRushFmodRepo\MusicRushFMod\Build\Mobile/Soundtrack.bank', mode=0x02010082
[LOG] SystemI::createSoundInternal             :     exinfo->cbsize             = 232
[LOG] SystemI::createSoundInternal             :     exinfo->length             = 14828416
[LOG] SystemI::createSoundInternal             :     exinfo->fileoffset         = 37280
[LOG] SystemI::createSoundInternal             :     exinfo->numsubsounds       = 1
[LOG] SystemI::createSoundInternal             :     exinfo->inclusionlist      = 000000004A403D48
[LOG] SystemI::createSoundInternal             :     exinfo->inclusionlistnum   = 1
[LOG] SystemI::createSoundInternal             :     exinfo->suggestedsoundtype = 5
[LOG] SystemI::createSoundInternal             :     exinfo->initialseekposition = 874
[LOG] SystemI::createSoundInternal             :     exinfo->initialseekpostype = 1
[LOG] SystemI::createSoundInternal             :     Stream 0/1: name='Gaga_1111_Lay1_1', format=2, channels=2, frequency=24000, lengthbytes=307264, lengthpcm=368640, pcmblocksize=0, loopstart=0, loopend=0, mode=0x00000000, channelmask=0x00000000, channelorder=0, peakvolume=0.999969.
[LOG] AsyncThread::threadFunc                  : Finished Asynchronous operation on sound 000000004A3C3638
[LOG] SoundI::getSubSound                      : sound 000000004A3C3638.  Subsound index 0 / 1
[LOG] SoundI::release                          : Gaga_1111_Lay4 (000000004A3C37E8)
[LOG] SoundI::release                          :     Gaga_1111_Lay4 (000000004A415248)
[LOG] SoundI::release                          :     Gaga_1111_Lay4 (000000004A650B28)
[LOG] SoundI::release                          :  (000000000F1F9318)
[LOG] SoundI::release                          :     Samba_LAYER_04_v04 (000000004A5A8CF8)
[LOG] SystemI::createSound                     : filename = D:\MusicRushFmodRepo\MusicRushFMod\Build\Mobile/Soundtrack.bank : mode 02010082
[LOG] SystemI::createSound                     : FMOD_NONBLOCKING specified.  Putting into queue to be opened asynchronously!
[LOG] SystemI::createSound                     : setdata soundi = 000000004A3C37E8 : node = 000000004A404020
[LOG] SystemI::createSound                     : add node to async list : head = 000000000F1488E8.  list count = 0
[LOG] AsyncThread::threadFunc                  : Starting Asynchronous operation on sound 000000004A3C37E8
[LOG] SystemI::createSoundInternal             :     Create name='D:\MusicRushFmodRepo\MusicRushFMod\Build\Mobile/Soundtrack.bank', mode=0x02010082
[LOG] SystemI::createSoundInternal             :     exinfo->cbsize             = 232
[LOG] SystemI::createSoundInternal             :     exinfo->length             = 14828416
[LOG] SystemI::createSoundInternal             :     exinfo->fileoffset         = 37280
[LOG] SystemI::createSoundInternal             :     exinfo->numsubsounds       = 1
[LOG] SystemI::createSoundInternal             :     exinfo->inclusionlist      = 000000004A404138
[LOG] SystemI::createSoundInternal             :     exinfo->inclusionlistnum   = 1
[LOG] SystemI::createSoundInternal             :     exinfo->suggestedsoundtype = 5
[LOG] SystemI::createSoundInternal             :     exinfo->initialseekpostype = 1
[LOG] SystemI::createSoundInternal             :     Stream 0/1: name='Gaga_1111_Lay1_1', format=2, channels=2, frequency=24000, lengthbytes=307264, lengthpcm=368640, pcmblocksize=0, loopstart=0, loopend=0, mode=0x00000000, channelmask=0x00000000, channelorder=0, peakvolume=0.999969.
[LOG] AsyncThread::threadFunc                  : Finished Asynchronous operation on sound 000000004A3C37E8
[LOG] SoundI::getSubSound                      : sound 000000004A3C37E8.  Subsound index 0 / 1
[LOG] SoundI::release                          : Gaga_1111_Lay1_1 (000000004A3C3638)
[LOG] SoundI::release                          :     Gaga_1111_Lay1_1 (000000004A5A91D8)
[LOG] SoundI::release                          :     Gaga_1111_Lay1_1 (000000004A650CD8)
[LOG] SystemI::createSound                     : filename = D:\MusicRushFmodRepo\MusicRushFMod\Build\Mobile/Soundtrack.bank : mode 02010082
[LOG] SystemI::createSound                     : FMOD_NONBLOCKING specified.  Putting into queue to be opened asynchronously!
[LOG] SystemI::createSound                     : setdata soundi = 000000004A3C3638 : node = 000000004A403C30
[LOG] SystemI::createSound                     : add node to async list : head = 000000000F1488E8.  list count = 0
[LOG] AsyncThread::threadFunc                  : Starting Asynchronous operation on sound 000000004A3C3638
[LOG] SystemI::createSoundInternal             :     Create name='D:\MusicRushFmodRepo\MusicRushFMod\Build\Mobile/Soundtrack.bank', mode=0x02010082
[LOG] SystemI::createSoundInternal             :     exinfo->cbsize             = 232
[LOG] SystemI::createSoundInternal             :     exinfo->length             = 14828416
[LOG] SystemI::createSoundInternal             :     exinfo->fileoffset         = 37280
[LOG] SystemI::createSoundInternal             :     exinfo->numsubsounds       = 1
[LOG] SystemI::createSoundInternal             :     exinfo->inclusionlist      = 000000004A403D48
[LOG] SystemI::createSoundInternal             :     exinfo->inclusionlistnum   = 1
[LOG] SystemI::createSoundInternal             :     exinfo->suggestedsoundtype = 5
[LOG] SystemI::createSoundInternal             :     exinfo->initialseekpostype = 1
[LOG] SystemI::createSoundInternal             :     Stream 0/1: name='Gaga_1111_Lay1_1', format=2, channels=2, frequency=24000, lengthbytes=307264, lengthpcm=368640, pcmblocksize=0, loopstart=0, loopend=0, mode=0x00000000, channelmask=0x00000000, channelorder=0, peakvolume=0.999969.
[LOG] AsyncThread::threadFunc                  : Finished Asynchronous operation on sound 000000004A3C3638
[LOG] SoundI::getSubSound                      : sound 000000004A3C3638.  Subsound index 0 / 1
[LOG] SoundI::release                          : Gaga_1111_Lay1_1 (000000004A3C37E8)
[LOG] SoundI::release                          :     Gaga_1111_Lay1_1 (000000004A5A8CF8)
[LOG] SoundI::release                          :     Gaga_1111_Lay1_1 (000000004A650B28)
[LOG] SystemI::createSound                     : filename = D:\MusicRushFmodRepo\MusicRushFMod\Build\Mobile/Soundtrack.bank : mode 02010082
[LOG] SystemI::createSound                     : FMOD_NONBLOCKING specified.  Putting into queue to be opened asynchronously!
[LOG] SystemI::createSound                     : setdata soundi = 000000004A3C37E8 : node = 000000004A404020
[LOG] SystemI::createSound                     : add node to async list : head = 000000000F1488E8.  list count = 0
[LOG] AsyncThread::threadFunc                  : Starting Asynchronous operation on sound 000000004A3C37E8
[LOG] SystemI::createSoundInternal             :     Create name='D:\MusicRushFmodRepo\MusicRushFMod\Build\Mobile/Soundtrack.bank', mode=0x02010082
[LOG] SystemI::createSoundInternal             :     exinfo->cbsize             = 232
[LOG] SystemI::createSoundInternal             :     exinfo->length             = 14828416
[LOG] SystemI::createSoundInternal             :     exinfo->fileoffset         = 37280
[LOG] SystemI::createSoundInternal             :     exinfo->numsubsounds       = 1
[LOG] SystemI::createSoundInternal             :     exinfo->inclusionlist      = 000000004A404138
[LOG] SystemI::createSoundInternal             :     exinfo->inclusionlistnum   = 1
[LOG] SystemI::createSoundInternal             :     exinfo->suggestedsoundtype = 5
[LOG] SystemI::createSoundInternal             :     exinfo->initialseekpostype = 1
[LOG] SystemI::createSoundInternal             :     Stream 0/1: name='Gaga_1111_Lay1_1', format=2, channels=2, frequency=24000, lengthbytes=307264, lengthpcm=368640, pcmblocksize=0, loopstart=0, loopend=0, mode=0x00000000, channelmask=0x00000000, channelorder=0, peakvolume=0.999969.
[LOG] AsyncThread::threadFunc                  : Finished Asynchronous operation on sound 000000004A3C37E8
[LOG] SoundI::getSubSound                      : sound 000000004A3C37E8.  Subsound index 0 / 1
[LOG] SoundI::release                          : Gaga_1111_Lay1_1 (000000004A3C3638)
[LOG] SoundI::release                          :     Gaga_1111_Lay1_1 (000000004A5A91D8)
[LOG] SoundI::release                          :     Gaga_1111_Lay1_1 (000000004A650CD8)
[LOG] SoundI::release                          : Gaga_1111_Lay1_1 (000000004A3C37E8)
[LOG] SoundI::release                          :     Gaga_1111_Lay1_1 (000000004A5A8CF8)
[LOG] SoundI::release                          :     Gaga_1111_Lay1_1 (000000004A650B28)
[LOG] SoundI::release                          :  (000000000F1F8BE8)
[LOG] SoundI::release                          :     sfx_collect_coin (000000004A5A8B58)
[LOG] SoundI::release                          :  (000000000F1F8A78)
[LOG] SoundI::release                          :     ui-new_highscore (000000004A414F08)
[LOG] SoundI::release                          :  (000000000F1F9D28)
[LOG] SoundI::release                          :     special_event (000000004A5A9378)
[LOG] SoundI::release                          :  (000000000F1F8EC8)
[LOG] SoundI::release                          :     Jump1 (000000004A5A96B8)
[LOG] SoundI::release                          :  (000000000F1F9E98)
[LOG] SoundI::release                          :     atari_boom5 (000000004A4153E8)
[LOG] Thread::callback                         : FMOD Studio update thread finished.
[LOG] Thread::callback                         : FMOD Studio bank load thread finished.
[LOG] Profile::disconnectAll                   : Profiler disconnecting all clients
[LOG] Thread::callback                         : FMOD Studio sample load thread finished.
[LOG] LiveUpdate::release                      : 
[LOG] LiveUpdate::reset                        : Reset connection (reason Disconnected)
[LOG] Thread::callback                         : FMOD stream thread finished.
[LOG] Thread::callback                         : FMOD mixer thread finished.
[LOG] Profile::disconnectAll                   : Profiler disconnecting all clients
[LOG] Thread::callback                         : FMOD nonblocking thread (0) finished.
[LOG] Thread::callback                         : FMOD file thread finished.
[LOG] SystemI::close                           : Closed.
